<?xml version="1.0" encoding="UTF-8"?>
<testsuite name="edu.miracosta.cs113.MorseCodeTreeTest" tests="3" skipped="0" failures="0" errors="0" timestamp="2021-05-10T07:25:34" hostname="DEETZBASE" time="0.012">
  <properties/>
  <testcase name="testErrors" classname="edu.miracosta.cs113.MorseCodeTreeTest" time="0.007"/>
  <testcase name="singleLettersTest" classname="edu.miracosta.cs113.MorseCodeTreeTest" time="0.003"/>
  <testcase name="multipleLettersTest" classname="edu.miracosta.cs113.MorseCodeTreeTest" time="0.002"/>
  <system-out><![CDATA[Testing ***** ----- -*-*-
Testing *- -*** -**---
Testing -.-. ... -.. .--
Testing _*_* *** _** *__
Testing *- invalid characters *-
Testing should be handled accordingly
Testing: a and a
Testing: b and b
Testing: c and c
Testing: d and d
Testing: e and e
Testing: f and f
Testing: g and g
Testing: h and h
Testing: i and i
Testing: j and j
Testing: k and k
Testing: l and l
Testing: m and m
Testing: n and n
Testing: o and o
Testing: p and p
Testing: q and q
Testing: r and r
Testing: s and s
Testing: t and t
Testing: u and u
Testing: v and v
Testing: w and w
Testing: x and x
Testing: y and y
Testing: z and z
Testing: et and et
Testing: ianm and ianm
Testing: surwdkgo and surwdkgo
Testing: hvflpj and hvflpj
Testing: bxcyzq and bxcyzq
Testing: helloworld and helloworld
Testing: whenwegotto and whenwegotto
Testing: avltrees and avltrees
Testing: imademyway and imademyway
Testing: tothedoorandsaid and tothedoorandsaid
Testing: byenery and byenery
Testing: lol and lol
]]></system-out>
  <system-err><![CDATA[]]></system-err>
</testsuite>
